<?xml version="1.0" encoding="UTF-8"?>
<!-- Generated by org.testng.reporters.JUnitXMLReporter -->
<testsuite hostname="DESKTOP-JEV6767" ignored="0" name="Test-method test" tests="11" failures="0" timestamp="04 Feb 2019 05:40:44 GMT" time="114.213" errors="0">
  <testcase name="verifyHomePageTitleTest" time="0.025" classname="com.cvs.qa.testcases.HomePageTest"/>
  <testcase name="verifyHomePageLogoTest" time="0.24" classname="com.cvs.qa.testcases.HomePageTest"/>
  <testcase name="verifySearchBoxTest" time="0.777" classname="com.cvs.qa.testcases.HomePageTest"/>
  <testcase name="verifyPharmacyLinkTest" time="3.331" classname="com.cvs.qa.testcases.HomePageTest"/>
  <testcase name="verifyMinuteClinicLinkTest" time="5.446" classname="com.cvs.qa.testcases.HomePageTest"/>
  <testcase name="verifyShopLinkTest" time="2.765" classname="com.cvs.qa.testcases.HomePageTest"/>
  <testcase name="verifyExtraCareLinkTest" time="1.044" classname="com.cvs.qa.testcases.HomePageTest"/>
  <testcase name="verifyContactLensesTest" time="2.366" classname="com.cvs.qa.testcases.HomePageTest"/>
  <testcase name="verifyPhotoLinkTest" time="5.432" classname="com.cvs.qa.testcases.HomePageTest"/>
  <testcase name="verifyStoreLocatorTest" time="7.818" classname="com.cvs.qa.testcases.HomePageTest"/>
  <testcase name="verifyStoreLocator24HrsStoreTest" time="11.742" classname="com.cvs.qa.testcases.HomePageTest"/>
</testsuite> <!-- Test-method test -->
